Nagios XI Installation Log
==========================
DATE: Fri Jan 29 18:24:33 UTC 2021

DISTRO INFO:
CentOS
7.9.2009
x86_64

THIS IS A NEW INSTALL!

INSTALLING:
full=5.8.1
major=5
minor=8.1
releasedate=2021-01-15
release=5801

Configuring Repos...
centos-release-7-9.2009.1.el7.centos.x86_64
Enabling Nagios repo...
Installing Nagios Repo PKG: packages/nagios-repo-7-latest.el7.noarch.rpm
warning: packages/nagios-repo-7-latest.el7.noarch.rpm: Header V4 RSA/SHA1 Signature, key ID 1e924cb3: NOKEY
Preparing...                          ########################################
Updating / installing...
nagios-repo-7-3.el7                   ########################################
Loaded plugins: fastestmirror
Loading mirror speeds from cached hostfile
 * base: mirror.web-ster.com
 * epel: mirrors.sonic.net
 * extras: mirror.keystealth.org
 * updates: ftpmirror.your.org

google-cloud-sdk.x86_64            325.0.0-1                    google-cloud-sdk
nagios-repo.noarch                 7-4.el7                      nagios-base     
sudo.x86_64                        1.8.23-10.el7_9.1            updates         
tzdata.noarch                      2021a-1.el7                  updates         
Loaded plugins: fastestmirror
Loading mirror speeds from cached hostfile
 * base: mirror.web-ster.com
 * epel: mirrors.sonic.net
 * extras: mirror.keystealth.org
 * updates: ftpmirror.your.org
Package epel-release-7-13.noarch already installed and latest version
Nothing to do
epel-release RPM installed OK
Repo configured OK
Installing prerequisites...
Loaded plugins: fastestmirror
Loading mirror speeds from cached hostfile
 * base: mirror.web-ster.com
 * epel: mirrors.sonic.net
 * extras: mirror.keystealth.org
 * updates: ftpmirror.your.org
Resolving Dependencies
--> Running transaction check
---> Package mariadb.x86_64 1:5.5.68-1.el7 will be installed
---> Package mariadb-devel.x86_64 1:5.5.68-1.el7 will be installed
--> Processing Dependency: openssl-devel(x86-64) for package: 1:mariadb-devel-5.5.68-1.el7.x86_64
---> Package mariadb-server.x86_64 1:5.5.68-1.el7 will be installed
--> Processing Dependency: perl-DBI for package: 1:mariadb-server-5.5.68-1.el7.x86_64
--> Processing Dependency: perl-DBD-MySQL for package: 1:mariadb-server-5.5.68-1.el7.x86_64
--> Processing Dependency: perl(Data::Dumper) for package: 1:mariadb-server-5.5.68-1.el7.x86_64
--> Processing Dependency: perl(DBI) for package: 1:mariadb-server-5.5.68-1.el7.x86_64
--> Processing Dependency: libaio.so.1(LIBAIO_0.4)(64bit) for package: 1:mariadb-server-5.5.68-1.el7.x86_64
--> Processing Dependency: libaio.so.1(LIBAIO_0.1)(64bit) for package: 1:mariadb-server-5.5.68-1.el7.x86_64
--> Processing Dependency: libaio.so.1()(64bit) for package: 1:mariadb-server-5.5.68-1.el7.x86_64
--> Running transaction check
---> Package libaio.x86_64 0:0.3.109-13.el7 will be installed
---> Package openssl-devel.x86_64 1:1.0.2k-21.el7_9 will be installed
--> Processing Dependency: zlib-devel(x86-64) for package: 1:openssl-devel-1.0.2k-21.el7_9.x86_64
--> Processing Dependency: krb5-devel(x86-64) for package: 1:openssl-devel-1.0.2k-21.el7_9.x86_64
---> Package perl-DBD-MySQL.x86_64 0:4.023-6.el7 will be installed
---> Package perl-DBI.x86_64 0:1.627-4.el7 will be installed
--> Processing Dependency: perl(RPC::PlServer) >= 0.2001 for package: perl-DBI-1.627-4.el7.x86_64
--> Processing Dependency: perl(RPC::PlClient) >= 0.2000 for package: perl-DBI-1.627-4.el7.x86_64
---> Package perl-Data-Dumper.x86_64 0:2.145-3.el7 will be installed
--> Running transaction check
---> Package krb5-devel.x86_64 0:1.15.1-50.el7 will be installed
--> Processing Dependency: libkadm5(x86-64) = 1.15.1-50.el7 for package: krb5-devel-1.15.1-50.el7.x86_64
--> Processing Dependency: libverto-devel for package: krb5-devel-1.15.1-50.el7.x86_64
--> Processing Dependency: libselinux-devel for package: krb5-devel-1.15.1-50.el7.x86_64
--> Processing Dependency: libcom_err-devel for package: krb5-devel-1.15.1-50.el7.x86_64
--> Processing Dependency: keyutils-libs-devel for package: krb5-devel-1.15.1-50.el7.x86_64
---> Package perl-PlRPC.noarch 0:0.2020-14.el7 will be installed
--> Processing Dependency: perl(Net::Daemon) >= 0.13 for package: perl-PlRPC-0.2020-14.el7.noarch
--> Processing Dependency: perl(Net::Daemon::Test) for package: perl-PlRPC-0.2020-14.el7.noarch
--> Processing Dependency: perl(Net::Daemon::Log) for package: perl-PlRPC-0.2020-14.el7.noarch
--> Processing Dependency: perl(Compress::Zlib) for package: perl-PlRPC-0.2020-14.el7.noarch
---> Package zlib-devel.x86_64 0:1.2.7-18.el7 will be installed
--> Running transaction check
---> Package keyutils-libs-devel.x86_64 0:1.5.8-3.el7 will be installed
---> Package libcom_err-devel.x86_64 0:1.42.9-19.el7 will be installed
---> Package libkadm5.x86_64 0:1.15.1-50.el7 will be installed
---> Package libselinux-devel.x86_64 0:2.5-15.el7 will be installed
--> Processing Dependency: libsepol-devel(x86-64) >= 2.5-10 for package: libselinux-devel-2.5-15.el7.x86_64
--> Processing Dependency: pkgconfig(libsepol) for package: libselinux-devel-2.5-15.el7.x86_64
--> Processing Dependency: pkgconfig(libpcre) for package: libselinux-devel-2.5-15.el7.x86_64
---> Package libverto-devel.x86_64 0:0.2.5-4.el7 will be installed
---> Package perl-IO-Compress.noarch 0:2.061-2.el7 will be installed
--> Processing Dependency: perl(Compress::Raw::Zlib) >= 2.061 for package: perl-IO-Compress-2.061-2.el7.noarch
--> Processing Dependency: perl(Compress::Raw::Bzip2) >= 2.061 for package: perl-IO-Compress-2.061-2.el7.noarch
---> Package perl-Net-Daemon.noarch 0:0.48-5.el7 will be installed
--> Running transaction check
---> Package libsepol-devel.x86_64 0:2.5-10.el7 will be installed
---> Package pcre-devel.x86_64 0:8.32-17.el7 will be installed
---> Package perl-Compress-Raw-Bzip2.x86_64 0:2.061-3.el7 will be installed
---> Package perl-Compress-Raw-Zlib.x86_64 1:2.061-4.el7 will be installed
--> Finished Dependency Resolution

Dependencies Resolved

================================================================================
 Package                     Arch       Version               Repository   Size
================================================================================
Installing:
 mariadb                     x86_64     1:5.5.68-1.el7        base        8.8 M
 mariadb-devel               x86_64     1:5.5.68-1.el7        base        757 k
 mariadb-server              x86_64     1:5.5.68-1.el7        base         11 M
Installing for dependencies:
 keyutils-libs-devel         x86_64     1.5.8-3.el7           base         37 k
 krb5-devel                  x86_64     1.15.1-50.el7         base        273 k
 libaio                      x86_64     0.3.109-13.el7        base         24 k
 libcom_err-devel            x86_64     1.42.9-19.el7         base         32 k
 libkadm5                    x86_64     1.15.1-50.el7         base        179 k
 libselinux-devel            x86_64     2.5-15.el7            base        187 k
 libsepol-devel              x86_64     2.5-10.el7            base         77 k
 libverto-devel              x86_64     0.2.5-4.el7           base         12 k
 openssl-devel               x86_64     1:1.0.2k-21.el7_9     updates     1.5 M
 pcre-devel                  x86_64     8.32-17.el7           base        480 k
 perl-Compress-Raw-Bzip2     x86_64     2.061-3.el7           base         32 k
 perl-Compress-Raw-Zlib      x86_64     1:2.061-4.el7         base         57 k
 perl-DBD-MySQL              x86_64     4.023-6.el7           base        140 k
 perl-DBI                    x86_64     1.627-4.el7           base        802 k
 perl-Data-Dumper            x86_64     2.145-3.el7           base         47 k
 perl-IO-Compress            noarch     2.061-2.el7           base        260 k
 perl-Net-Daemon             noarch     0.48-5.el7            base         51 k
 perl-PlRPC                  noarch     0.2020-14.el7         base         36 k
 zlib-devel                  x86_64     1.2.7-18.el7          base         50 k

Transaction Summary
================================================================================
Install  3 Packages (+19 Dependent packages)

Total download size: 25 M
Installed size: 120 M
Downloading packages:
--------------------------------------------------------------------------------
Total                                               13 MB/s |  25 MB  00:01     
Running transaction check
Running transaction test
Transaction test succeeded
Running transaction
Warning: RPMDB altered outside of yum.
  Installing : perl-Data-Dumper-2.145-3.el7.x86_64                         1/22 
  Installing : libcom_err-devel-1.42.9-19.el7.x86_64                       2/22 
  Installing : 1:mariadb-5.5.68-1.el7.x86_64                               3/22 
  Installing : libsepol-devel-2.5-10.el7.x86_64                            4/22 
  Installing : 1:perl-Compress-Raw-Zlib-2.061-4.el7.x86_64                 5/22 
  Installing : libaio-0.3.109-13.el7.x86_64                                6/22 
  Installing : zlib-devel-1.2.7-18.el7.x86_64                              7/22 
  Installing : libverto-devel-0.2.5-4.el7.x86_64                           8/22 
  Installing : perl-Net-Daemon-0.48-5.el7.noarch                           9/22 
  Installing : libkadm5-1.15.1-50.el7.x86_64                              10/22 
  Installing : perl-Compress-Raw-Bzip2-2.061-3.el7.x86_64                 11/22 
  Installing : perl-IO-Compress-2.061-2.el7.noarch                        12/22 
  Installing : perl-PlRPC-0.2020-14.el7.noarch                            13/22 
  Installing : perl-DBI-1.627-4.el7.x86_64                                14/22 
  Installing : perl-DBD-MySQL-4.023-6.el7.x86_64                          15/22 
  Installing : pcre-devel-8.32-17.el7.x86_64                              16/22 
  Installing : libselinux-devel-2.5-15.el7.x86_64                         17/22 
  Installing : keyutils-libs-devel-1.5.8-3.el7.x86_64                     18/22 
  Installing : krb5-devel-1.15.1-50.el7.x86_64                            19/22 
  Installing : 1:openssl-devel-1.0.2k-21.el7_9.x86_64                     20/22 
  Installing : 1:mariadb-devel-5.5.68-1.el7.x86_64                        21/22